{"name": "Transtats login test with valid and invalid creds -- @1.1 ", "status": "failed", "statusDetails": {"message": "AssertionError: Test Failed\n", "trace": "  File \"/home/krishna/Projects/transtats/ui-test/venv/lib64/python3.9/site-packages/behave/model.py\", line 1329, in run\n    match.run(runner.context)\n  File \"/home/krishna/Projects/transtats/ui-test/venv/lib64/python3.9/site-packages/behave/matchers.py\", line 98, in run\n    self.func(context, *args, **kwargs)\n  File \"features/steps/transtats-login-steps.py\", line 38, in admin_page\n    assert False, \"Test Failed\"\n"}, "steps": [{"name": "Given Launch browser", "status": "passed", "start": 1638974822007, "stop": 1638974822870}, {"name": "When Open transtats homepage", "status": "passed", "start": 1638974822870, "stop": 1638974827016}, {"name": "And Click on login", "status": "passed", "start": 1638974827016, "stop": 1638974827664}, {"name": "And Enter username \"admin\" and password \"admin123\"", "status": "passed", "start": 1638974827664, "stop": 1638974827752}, {"name": "And Click on login button", "status": "passed", "start": 1638974827752, "stop": 1638974830643}, {"name": "Then Successful login to the Transtats admin page.", "status": "failed", "statusDetails": {"message": "AssertionError: Test Failed\n", "trace": "  File \"/home/krishna/Projects/transtats/ui-test/venv/lib64/python3.9/site-packages/behave/model.py\", line 1329, in run\n    match.run(runner.context)\n  File \"/home/krishna/Projects/transtats/ui-test/venv/lib64/python3.9/site-packages/behave/matchers.py\", line 98, in run\n    self.func(context, *args, **kwargs)\n  File \"features/steps/transtats-login-steps.py\", line 38, in admin_page\n    assert False, \"Test Failed\"\n"}, "start": 1638974830645, "stop": 1638974830690}], "parameters": [{"name": "username", "value": "admin"}, {"name": "password", "value": "admin123"}], "start": 1638974822006, "stop": 1638974830690, "uuid": "d00ed6ab-2f99-4de7-8cfc-85d9b5056b92", "historyId": "44ea05f420f0b126f6c165fe764af7d0", "fullName": "Transtats Login: Transtats login test with valid and invalid creds", "labels": [{"name": "severity", "value": "normal"}, {"name": "feature", "value": "Transtats Login"}, {"name": "framework", "value": "behave"}, {"name": "language", "value": "cpython3"}]}