{"name": "Transtats login test with valid and invalid creds -- @1.2 ", "status": "failed", "statusDetails": {"message": "AssertionError: Test Failed\n", "trace": "  File \"/home/krishna/Projects/transtats/ui-test/venv/lib64/python3.9/site-packages/behave/model.py\", line 1329, in run\n    match.run(runner.context)\n  File \"/home/krishna/Projects/transtats/ui-test/venv/lib64/python3.9/site-packages/behave/matchers.py\", line 98, in run\n    self.func(context, *args, **kwargs)\n  File \"features/steps/transtats-login-steps.py\", line 38, in admin_page\n    assert False, \"Test Failed\"\n"}, "steps": [{"name": "Given Launch browser", "status": "passed", "start": 1638974830693, "stop": 1638974831544}, {"name": "When Open transtats homepage", "status": "passed", "start": 1638974831544, "stop": 1638974836650}, {"name": "And Click on login", "status": "passed", "start": 1638974836650, "stop": 1638974837180}, {"name": "And Enter username \"admin123\" and password \"admin\"", "status": "passed", "start": 1638974837180, "stop": 1638974837275}, {"name": "And Click on login button", "status": "passed", "start": 1638974837275, "stop": 1638974839959}, {"name": "Then Successful login to the Transtats admin page.", "status": "failed", "statusDetails": {"message": "AssertionError: Test Failed\n", "trace": "  File \"/home/krishna/Projects/transtats/ui-test/venv/lib64/python3.9/site-packages/behave/model.py\", line 1329, in run\n    match.run(runner.context)\n  File \"/home/krishna/Projects/transtats/ui-test/venv/lib64/python3.9/site-packages/behave/matchers.py\", line 98, in run\n    self.func(context, *args, **kwargs)\n  File \"features/steps/transtats-login-steps.py\", line 38, in admin_page\n    assert False, \"Test Failed\"\n"}, "start": 1638974839960, "stop": 1638974840012}], "parameters": [{"name": "username", "value": "admin123"}, {"name": "password", "value": "admin"}], "start": 1638974830692, "stop": 1638974840014, "uuid": "1586e92e-0205-4443-a677-47cdd318a380", "historyId": "f74283bf0a61e8a9e20fd966f8a36131", "fullName": "Transtats Login: Transtats login test with valid and invalid creds", "labels": [{"name": "severity", "value": "normal"}, {"name": "feature", "value": "Transtats Login"}, {"name": "framework", "value": "behave"}, {"name": "language", "value": "cpython3"}]}