{"name": "Transtats login test with valid and invalid creds -- @1.3 ", "status": "failed", "statusDetails": {"message": "AssertionError: Test Failed\n", "trace": "  File \"/home/krishna/Projects/transtats/ui-test/venv/lib64/python3.9/site-packages/behave/model.py\", line 1329, in run\n    match.run(runner.context)\n  File \"/home/krishna/Projects/transtats/ui-test/venv/lib64/python3.9/site-packages/behave/matchers.py\", line 98, in run\n    self.func(context, *args, **kwargs)\n  File \"features/steps/transtats-login-steps.py\", line 38, in admin_page\n    assert False, \"Test Failed\"\n"}, "steps": [{"name": "Given Launch browser", "status": "passed", "start": 1638974840019, "stop": 1638974840860}, {"name": "When Open transtats homepage", "status": "passed", "start": 1638974840861, "stop": 1638974844482}, {"name": "And Click on login", "status": "passed", "start": 1638974844483, "stop": 1638974845086}, {"name": "And Enter username \"adminxyz\" and password \"admin123\"", "status": "passed", "start": 1638974845086, "stop": 1638974845176}, {"name": "And Click on login button", "status": "passed", "start": 1638974845176, "stop": 1638974847861}, {"name": "Then Successful login to the Transtats admin page.", "status": "failed", "statusDetails": {"message": "AssertionError: Test Failed\n", "trace": "  File \"/home/krishna/Projects/transtats/ui-test/venv/lib64/python3.9/site-packages/behave/model.py\", line 1329, in run\n    match.run(runner.context)\n  File \"/home/krishna/Projects/transtats/ui-test/venv/lib64/python3.9/site-packages/behave/matchers.py\", line 98, in run\n    self.func(context, *args, **kwargs)\n  File \"features/steps/transtats-login-steps.py\", line 38, in admin_page\n    assert False, \"Test Failed\"\n"}, "start": 1638974847862, "stop": 1638974847913}], "parameters": [{"name": "username", "value": "adminxyz"}, {"name": "password", "value": "admin123"}], "start": 1638974840017, "stop": 1638974847914, "uuid": "5e5f4607-bbae-4bd5-b62c-dbf250874183", "historyId": "3d197751edc872d4b3e75ef2030b83a6", "fullName": "Transtats Login: Transtats login test with valid and invalid creds", "labels": [{"name": "severity", "value": "normal"}, {"name": "feature", "value": "Transtats Login"}, {"name": "framework", "value": "behave"}, {"name": "language", "value": "cpython3"}]}